Sight/build/intermediates/manifest_merge_blame_file/debug/manifest-merger-blame-debug-report.txt
1<?xml version="1.0" encoding="utf-8"?>
2<manifest xmlns:android="http://schemas.android.com/apk/res/android"
3    package="io.rong.sight"
4    android:versionCode="20200803"
5    android:versionName="4.0.1.1_hotfix/4.0.1" >
6
7    <uses-sdk
8        android:minSdkVersion="19"
8-->src/main/AndroidManifest.xml
9        android:targetSdkVersion="19" />
9-->src/main/AndroidManifest.xml
10
11    <application>
11-->src/main/AndroidManifest.xml:5:5-25:19
12        <activity
12-->src/main/AndroidManifest.xml:6:9-18:20
13            android:name="io.rong.sight.player.SightPlayerActivity"
13-->src/main/AndroidManifest.xml:7:13-68
14            android:hardwareAccelerated="true"
14-->src/main/AndroidManifest.xml:8:13-47
15            android:screenOrientation="portrait" >
15-->src/main/AndroidManifest.xml:9:13-49
16            <intent-filter>
17                <action android:name="android.intent.action.VIEW" />
17-->src/main/AndroidManifest.xml:11:17-69
17-->src/main/AndroidManifest.xml:11:25-66
18
19                <category android:name="android.intent.category.DEFAULT" />
19-->src/main/AndroidManifest.xml:12:17-76
19-->src/main/AndroidManifest.xml:12:27-73
20
21                <data
21-->src/main/AndroidManifest.xml:13:17-16:45
22                    android:host="dollar_openBracket_applicationId_closeBracket"
22-->src/main/AndroidManifest.xml:14:21-52
23                    android:pathPrefix="/sight/player"
23-->src/main/AndroidManifest.xml:15:21-55
24                    android:scheme="rong" />
24-->src/main/AndroidManifest.xml:16:21-42
25            </intent-filter>
26        </activity>
27        <activity
27-->src/main/AndroidManifest.xml:19:9-21:52
28            android:name="io.rong.sight.player.SightListActivity"
28-->src/main/AndroidManifest.xml:20:13-66
29            android:screenOrientation="portrait" />
29-->src/main/AndroidManifest.xml:21:13-49
30        <activity
30-->src/main/AndroidManifest.xml:22:9-24:52
31            android:name="io.rong.sight.record.SightRecordActivity"
31-->src/main/AndroidManifest.xml:23:13-68
32            android:screenOrientation="portrait" />
32-->src/main/AndroidManifest.xml:24:13-49
33    </application>
34
35</manifest>